<?xml version="1.0" encoding="UTF-8"?>
<!-- Generated by org.testng.reporters.JUnitXMLReporter -->
<testsuite ignored="7" hostname="DESKTOP-2PH7195" failures="3" tests="4" name="Verify that user is able to remove products from Cart" time="17.468" errors="0" timestamp="15 Oct 2021 21:17:05 GMT">
  <testcase classname="com.ziegertEverEstate.qa.tests.ProductPageTests" name="verify_user_is_able_to_remove_product_from_cart" time="0.875">
    <skipped/>
  </testcase> <!-- verify_user_is_able_to_remove_product_from_cart -->
  <testcase classname="com.ziegertEverEstate.qa.tests.ProductPageTests" name="verify_user_is_able_to_remove_product_from_cart" time="0.879">
    <failure type="java.lang.AssertionError" message="expected [$ 0.01] but found [$ 0.00]">
      <![CDATA[java.lang.AssertionError: expected [$ 0.01] but found [$ 0.00]
	at com.ziegertEverEstate.qa.tests.ProductPageTests.verify_user_is_able_to_remove_product_from_cart(ProductPageTests.java:156)
... Removed 31 stack frames]]>
    </failure>
  </testcase> <!-- verify_user_is_able_to_remove_product_from_cart -->
  <testcase classname="com.ziegertEverEstate.qa.tests.ProductPageTests" name="verify_user_is_able_to_remove_product_from_cart" time="0.866">
    <failure type="java.lang.AssertionError" message="expected [$ 0.01] but found [$ 0.00]">
      <![CDATA[java.lang.AssertionError: expected [$ 0.01] but found [$ 0.00]
	at com.ziegertEverEstate.qa.tests.ProductPageTests.verify_user_is_able_to_remove_product_from_cart(ProductPageTests.java:156)
... Removed 31 stack frames]]>
    </failure>
  </testcase> <!-- verify_user_is_able_to_remove_product_from_cart -->
  <testcase classname="com.ziegertEverEstate.qa.tests.ProductPageTests" name="verify_user_is_able_to_remove_product_from_cart" time="0.928">
    <failure type="java.lang.AssertionError" message="expected [$ 0.01] but found [$ 0.00]">
      <![CDATA[java.lang.AssertionError: expected [$ 0.01] but found [$ 0.00]
	at com.ziegertEverEstate.qa.tests.ProductPageTests.verify_user_is_able_to_remove_product_from_cart(ProductPageTests.java:156)
... Removed 31 stack frames]]>
    </failure>
  </testcase> <!-- verify_user_is_able_to_remove_product_from_cart -->
  <testcase classname="com.ziegertEverEstate.qa.tests.ProductPageTests" name="verify_user_is_able_to_filter_Products_by_size" time="0.0">
    <ignored/>
  </testcase> <!-- verify_user_is_able_to_filter_Products_by_size -->
  <testcase classname="com.ziegertEverEstate.qa.tests.ProductPageTests" name="verify_user_is_able_to_sort_Products_from_highest_to_lowest" time="0.0">
    <ignored/>
  </testcase> <!-- verify_user_is_able_to_sort_Products_from_highest_to_lowest -->
  <testcase classname="com.ziegertEverEstate.qa.tests.ProductPageTests" name="verify_user_is_able_to_check_out_products" time="0.0">
    <ignored/>
  </testcase> <!-- verify_user_is_able_to_check_out_products -->
  <testcase classname="com.ziegertEverEstate.qa.tests.ProductPageTests" name="verify_user_can_see_all_Products" time="0.0">
    <ignored/>
  </testcase> <!-- verify_user_can_see_all_Products -->
  <testcase classname="com.ziegertEverEstate.qa.tests.ProductPageTests" name="verify_user_is_able_to_sort_Products_from_lowest_to_highest" time="0.0">
    <ignored/>
  </testcase> <!-- verify_user_is_able_to_sort_Products_from_lowest_to_highest -->
  <testcase classname="com.ziegertEverEstate.qa.tests.ProductPageTests" name="verify_User_Is_On_LandingPage" time="0.0">
    <ignored/>
  </testcase> <!-- verify_User_Is_On_LandingPage -->
  <testcase classname="com.ziegertEverEstate.qa.tests.ProductPageTests" name="verify_user_is_able_to_add_Products_in_cart" time="0.0">
    <ignored/>
  </testcase> <!-- verify_user_is_able_to_add_Products_in_cart -->
</testsuite> <!-- Verify that user is able to remove products from Cart -->
