<!DOCTYPE html PUBLIC "-//W3C//DTD XHTML 1.1//EN" "http://www.w3.org/TR/xhtml11/DTD/xhtml11.dtd">
<html xmlns="http://www.w3.org/1999/xhtml"><head><title>TestNG Report</title><style type="text/css">table {margin-bottom:10px;border-collapse:collapse;empty-cells:show}th,td {border:1px solid #009;padding:.25em .5em}th {vertical-align:bottom}td {vertical-align:top}table a {font-weight:bold}.stripe td {background-color: #E6EBF9}.num {text-align:right}.passedodd td {background-color: #3F3}.passedeven td {background-color: #0A0}.skippedodd td {background-color: #DDD}.skippedeven td {background-color: #CCC}.failedodd td,.attn {background-color: #F33}.failedeven td,.stripe .attn {background-color: #D00}.stacktrace {white-space:pre;font-family:monospace}.totop {font-size:85%;text-align:center;border-bottom:2px solid #000}</style></head><body><table><tr><th>Test</th><th># Passed</th><th># Skipped</th><th># Failed</th><th>Time (ms)</th><th>Included Groups</th><th>Excluded Groups</th></tr><tr><th colspan="7">Sanity Suite to run single test cases with test name in method</th></tr><tr><td><a href="#t0">Verify that user is able to remove products from Cart</a></td><td class="num">0</td><td class="num attn">1</td><td class="num attn">3</td><td class="num">17,468</td><td></td><td></td></tr></table><table id='summary'><thead><tr><th>Class</th><th>Method</th><th>Start</th><th>Time (ms)</th></tr></thead><tbody><tr><th colspan="4">Sanity Suite to run single test cases with test name in method</th></tr></tbody><tbody id="t0"><tr><th colspan="4">Verify that user is able to remove products from Cart &#8212; failed</th></tr><tr class="failedeven"><td rowspan="3">com.ziegertEverEstate.qa.tests.ProductPageTests</td><td><a href="#m0">verify_user_is_able_to_remove_product_from_cart</a></td><td rowspan="3">1634332614481</td><td rowspan="3">879</td></tr><tr class="failedeven"><td><a href="#m1">verify_user_is_able_to_remove_product_from_cart</a></td></tr><tr class="failedeven"><td><a href="#m2">verify_user_is_able_to_remove_product_from_cart</a></td></tr><tr><th colspan="4">Verify that user is able to remove products from Cart &#8212; skipped</th></tr><tr class="skippedeven"><td rowspan="1">com.ziegertEverEstate.qa.tests.ProductPageTests</td><td><a href="#m3">verify_user_is_able_to_remove_product_from_cart</a></td><td rowspan="1">1634332611042</td><td rowspan="1">875</td></tr></tbody></table><h2>Verify that user is able to remove products from Cart</h2><h3 id="m0">com.ziegertEverEstate.qa.tests.ProductPageTests#verify_user_is_able_to_remove_product_from_cart</h3><table class="result"><tr class="param"><th>Parameter #1</th><th>Parameter #2</th><th>Parameter #3</th></tr><tr class="param stripe"><td>Wine Skul T-Shirt</td><td>1</td><td>$ 13.25</td></tr><tr><th colspan="3">Exception</th></tr><tr><td colspan="3"><div class="stacktrace">java.lang.AssertionError: expected [$ 0.01] but found [$ 0.00]
	at com.ziegertEverEstate.qa.tests.ProductPageTests.verify_user_is_able_to_remove_product_from_cart(ProductPageTests.java:156)
... Removed 31 stack frames</div></td></tr></table><p class="totop"><a href="#summary">back to summary</a></p><h3 id="m1">com.ziegertEverEstate.qa.tests.ProductPageTests#verify_user_is_able_to_remove_product_from_cart</h3><table class="result"><tr class="param"><th>Parameter #1</th><th>Parameter #2</th><th>Parameter #3</th></tr><tr class="param stripe"><td>White DGK Script Tee</td><td>2</td><td>$ 29.80</td></tr><tr><th colspan="3">Exception</th></tr><tr><td colspan="3"><div class="stacktrace">java.lang.AssertionError: expected [$ 0.01] but found [$ 0.00]
	at com.ziegertEverEstate.qa.tests.ProductPageTests.verify_user_is_able_to_remove_product_from_cart(ProductPageTests.java:156)
... Removed 31 stack frames</div></td></tr></table><p class="totop"><a href="#summary">back to summary</a></p><h3 id="m2">com.ziegertEverEstate.qa.tests.ProductPageTests#verify_user_is_able_to_remove_product_from_cart</h3><table class="result"><tr class="param"><th>Parameter #1</th><th>Parameter #2</th><th>Parameter #3</th></tr><tr class="param stripe"><td>White DGK Script Tee</td><td>2</td><td>$ 29.80</td></tr><tr><th colspan="3">Exception</th></tr><tr><td colspan="3"><div class="stacktrace">java.lang.AssertionError: expected [$ 0.01] but found [$ 0.00]
	at com.ziegertEverEstate.qa.tests.ProductPageTests.verify_user_is_able_to_remove_product_from_cart(ProductPageTests.java:156)
... Removed 31 stack frames</div></td></tr></table><p class="totop"><a href="#summary">back to summary</a></p><h3 id="m3">com.ziegertEverEstate.qa.tests.ProductPageTests#verify_user_is_able_to_remove_product_from_cart</h3><table class="result"><tr class="param"><th>Parameter #1</th><th>Parameter #2</th><th>Parameter #3</th></tr><tr class="param stripe"><td>Wine Skul T-Shirt</td><td>1</td><td>$ 13.25</td></tr><tr><th colspan="3">Exception</th></tr><tr><td colspan="3"><div class="stacktrace">java.lang.AssertionError: expected [$ 0.01] but found [$ 0.00]
	at com.ziegertEverEstate.qa.tests.ProductPageTests.verify_user_is_able_to_remove_product_from_cart(ProductPageTests.java:156)
... Removed 31 stack frames</div></td></tr></table><p class="totop"><a href="#summary">back to summary</a></p></body></html>